[debug] [2022-10-09T00:35:25.484Z] ----------------------------------------------------------------------
[debug] [2022-10-09T00:35:25.487Z] Command:       C:\Users\program\node.exe C:\Users\aqiba\AppData\Roaming\npm\node_modules\firebase-tools\lib\bin\firebase.js init
[debug] [2022-10-09T00:35:25.488Z] CLI Version:   11.13.0
[debug] [2022-10-09T00:35:25.488Z] Platform:      win32
[debug] [2022-10-09T00:35:25.489Z] Node Version:  v16.14.2
[debug] [2022-10-09T00:35:25.504Z] Time:          Sun Oct 09 2022 05:35:25 GMT+0500 (Pakistan Standard Time)
[debug] [2022-10-09T00:35:25.504Z] ----------------------------------------------------------------------
[debug] 
[debug] [2022-10-09T00:35:25.517Z] >>> [apiv2][query] GET https://firebase-public.firebaseio.com/cli.json [none]
[debug] [2022-10-09T00:35:25.657Z] > command requires scopes: ["email","openid","https://www.googleapis.com/auth/cloudplatformprojects.readonly","https://www.googleapis.com/auth/firebase","https://www.googleapis.com/auth/cloud-platform"]
[debug] [2022-10-09T00:35:25.658Z] > authorizing via signed-in user (awanaqib826@gmail.com)
[info] 
     ######## #### ########  ######## ########     ###     ######  ########
     ##        ##  ##     ## ##       ##     ##  ##   ##  ##       ##
     ######    ##  ########  ######   ########  #########  ######  ######
     ##        ##  ##    ##  ##       ##     ## ##     ##       ## ##
     ##       #### ##     ## ######## ########  ##     ##  ######  ########

You're about to initialize a Firebase project in this directory:

  C:\Users\aqiba\Desktop\react\nextapp

Before we get started, keep in mind:

  * You are initializing within an existing Firebase project directory

